2023-12-28T12:15:42.259Z    +78ms [debug] Config loaded {"version":"2.31.0","cdkVersion":"2.101.1","constructsVersion":"10.2.69","config":{"name":"t3-admin","region":"eu-central-1","stage":"tbarna","ssmPrefix":"/sst/t3-admin/tbarna/"},"metafile":{"inputs":{"sst.config.ts":{"bytes":220,"imports":[{"path":"sst/constructs","kind":"import-statement","external":true}],"format":"esm"}},"outputs":{".sst.config.1703765742191.mjs":{"imports":[],"exports":["default"],"entryPoint":"sst.config.ts","inputs":{"sst.config.ts":{"bytesInOutput":126}},"bytes":308}}},"paths":{"config":"/Users/tbarna/work/t3-admin/sst.config.ts","root":"/Users/tbarna/work/t3-admin","out":"/Users/tbarna/work/t3-admin/.sst","artifacts":"/Users/tbarna/work/t3-admin/.sst/artifacts"}}
2023-12-28T12:15:43.472Z  +1213ms [debug] Using AWS profile 
2023-12-28T12:15:43.494Z    +22ms [debug] Created AWS client IoTClient
2023-12-28T12:15:43.494Z     +0ms [debug] Getting IoT endpoint
2023-12-28T12:15:43.514Z    +20ms [debug] Synthesizing stacks...
2023-12-28T12:15:43.519Z     +5ms [debug] Created AWS client STSClient
2023-12-28T12:15:43.678Z   +159ms [debug] Using IoT endpoint: a39h0k7dtquudl-ats.iot.eu-central-1.amazonaws.com
2023-12-28T12:15:43.678Z     +0ms [debug] Initializing bootstrap context
2023-12-28T12:15:43.678Z     +0ms [debug] Created AWS client CloudFormationClient
2023-12-28T12:15:43.697Z    +19ms [debug] Using identity Account: 092980763344 User: AIDARLJQV3LIJBLNVHXZW
2023-12-28T12:15:43.700Z     +3ms [debug] Generating types in /Users/tbarna/work/t3-admin/.sst/types
2023-12-28T12:15:43.812Z   +112ms [debug] Running 1 deferred tasks with concurrency: 7
2023-12-28T12:15:44.044Z   +232ms [debug] Loaded bootstrap status
2023-12-28T12:15:44.044Z     +0ms [debug] Bootstrap context initialized {"status":"ready","version":"7.2","bucket":"sstbootstrap-eucentral134f82fae-jrh2rwxxerce"}
2023-12-28T12:15:44.045Z     +1ms [debug] Created AWS client S3Client
2023-12-28T12:15:44.135Z    +90ms [debug] 
2023-12-28T12:15:44.135Z     +0ms [debug] Loading v2 AWS SDK
2023-12-28T12:15:44.135Z     +0ms [debug] Finished synthesizing
2023-12-28T12:15:44.298Z   +163ms [debug] IoT connected
2023-12-28T12:15:44.347Z    +49ms [debug] Fetching metadata for stack tbarna-t3-admin-Site failed {"name":"NoSuchKey","$fault":"client","$metadata":{"httpStatusCode":404,"requestId":"MRD5J825PS5CN3KW","extendedRequestId":"1ixLjyGqVDFsPo/5l3DAv76XwAG1EqAY5wdAXg95/XDDZGWU0VP7UTHPlUEGHnTMyVhfDd62wHc=","attempts":1,"totalRetryDelay":0},"Code":"NoSuchKey","Key":"stackMetadata/app.t3-admin/stage.tbarna/stack.tbarna-t3-admin-Site.json","RequestId":"MRD5J825PS5CN3KW","HostId":"1ixLjyGqVDFsPo/5l3DAv76XwAG1EqAY5wdAXg95/XDDZGWU0VP7UTHPlUEGHnTMyVhfDd62wHc=","message":"The specified key does not exist."}
2023-12-28T12:15:44.348Z     +1ms [debug] Created AWS client SSMClient
